#1: x 	Tipo: Identificador [0,1]
#2: : 	Tipo: Operador [0,2]
#3: INT 	Tipo: Palabra reservada [0,4]
#4: ; 	Tipo: Semicolon [0,7]
#5: _ss 	Tipo: Identificador [3,0]
#6: REAL 	Tipo: Palabra reservada [3,4]
#7: ; 	Tipo: Semicolon [3,8]
#8: 12 	Tipo: Número entero [6,1]
#9: zz 	Tipo: Identificador [6,3]
#10: : 	Tipo: Operador [6,5]
#11: STRING 	Tipo: Palabra reservada [6,6]
#12: ; 	Tipo: Semicolon [6,12]
#13: aa 	Tipo: Identificador [10,1]
#14: : 	Tipo: Operador [10,3]
#15: CHAR 	Tipo: Palabra reservada [10,5]
#16: ; 	Tipo: Semicolon [10,9]
#17: ca 	Tipo: Identificador [22,0]
#18: a 	Tipo: Identificador [22,3]
#19: , 	Tipo: Operador [22,4]
#20: hola 	Tipo: Identificador [22,6]
#21: , 	Tipo: Operador [22,11]
#22: adios 	Tipo: Identificador [22,13]
#23: , 	Tipo: Operador [22,19]
#24: mult 	Tipo: Identificador [22,21]
#25: * 	Tipo: Operador [22,25]
#26: x 	Tipo: Identificador [27,0]
#27: : 	Tipo: Operador [27,1]
#28: CHAR 	Tipo: Palabra reservada [27,3]
#29: ; 	Tipo: Semicolon [27,8]
#30: INT 	Tipo: Palabra reservada [38,2]
#31: rbol 	Tipo: Identificador [38,7]
#32: ; 	Tipo: Semicolon [38,11]
#33: comentario 	Tipo: Identificador [42,3]
#34: no 	Tipo: Identificador [42,14]
#35: cerrado 	Tipo: Identificador [42,17]
#36: debe 	Tipo: Identificador [43,16]
#37: dar 	Tipo: Identificador [43,21]
#38: error 	Tipo: Identificador [43,25]
